
> game-site@0.1.0 build
> node scripts/generate-sitemaps.js && next build

✅ sitemap-generators-1.xml (900 URLs)
✅ sitemap-generators-2.xml (900 URLs)
✅ sitemap-generators-3.xml (900 URLs)
✅ sitemap-generators-4.xml (900 URLs)
✅ sitemap-generators-5.xml (900 URLs)
✅ sitemap-generators-6.xml (20 URLs)
✅ sitemap-landing.xml (897 URLs)
✅ sitemap-blog.xml (193 URLs)
✅ sitemap-static.xml (11 URLs)
✅ sitemap.xml (sitemap index with 9 entries)

📊 Total URLs across all sitemaps: 5621
📁 Files generated in public/:
   sitemap.xml (index)
   sitemap-generators-1.xml
   sitemap-generators-2.xml
   sitemap-generators-3.xml
   sitemap-generators-4.xml
   sitemap-generators-5.xml
   sitemap-generators-6.xml
   sitemap-landing.xml
   sitemap-blog.xml
   sitemap-static.xml

📄 SITEMAP_STRUCTURE_REPORT.md generated
⚠ No build cache found. Please configure build caching for faster rebuilds. Read more: https://nextjs.org/docs/messages/no-cache
Attention: Next.js now collects completely anonymous telemetry regarding usage.
This information is used to shape Next.js' roadmap and prioritize features.
You can learn more, including how to opt-out if you'd not like to participate in this anonymous program, by visiting the following URL:
https://nextjs.org/telemetry

   ▲ Next.js 15.5.19

   Creating an optimized production build ...
 ✓ Compiled successfully in 92s
   Linting and checking validity of types ...

./app/generators/page.tsx
248:43  Warning: 'i' is defined but never used.  @typescript-eslint/no-unused-vars

./app/page.tsx
4:8  Warning: 'posts' is defined but never used.  @typescript-eslint/no-unused-vars

./components/category-hub.tsx
83:9  Warning: 'themes' is assigned a value but never used.  @typescript-eslint/no-unused-vars
84:9  Warning: 'contexts' is assigned a value but never used.  @typescript-eslint/no-unused-vars
85:9  Warning: 'races' is assigned a value but never used.  @typescript-eslint/no-unused-vars
144:32  Warning: 'i' is defined but never used.  @typescript-eslint/no-unused-vars
155:32  Warning: 'i' is defined but never used.  @typescript-eslint/no-unused-vars

./components/landing-page.tsx
4:8  Warning: 'posts' is defined but never used.  @typescript-eslint/no-unused-vars

info  - Need to disable some ESLint rules? Learn more here: https://nextjs.org/docs/app/api-reference/config/eslint#disabling-rules
   Collecting page data ...
   Generating static pages (0/5894) ...
   Generating static pages (1473/5894) 
   Generating static pages (2946/5894) 
   Generating static pages (4420/5894) 
 ✓ Generating static pages (5894/5894)
   Finalizing page optimization ...
   Collecting build traces ...

Route (app)                                         Size  First Load JS
┌ ○ /                                            1.12 kB         107 kB
├ ○ /_not-found                                     1 kB         103 kB
├ ● /[slug]                                      3.23 kB         109 kB
├   ├ /ancient-angel-alliance-name-generator
├   ├ /ancient-angel-clan-name-generator
├   ├ /ancient-angel-dominion-name-generator
├   └ [+4497 more paths]
├ ○ /abandoned-city-names                        3.23 kB         109 kB
├ ○ /abandoned-dungeon-names                     3.23 kB         109 kB
├ ○ /about                                       3.23 kB         109 kB
├ ○ /abyssal-creature-names                      3.23 kB         109 kB
├ ○ /abyssal-dungeon-names                       3.23 kB         109 kB
├ ○ /abyssal-guild-names                         3.23 kB         109 kB
├ ○ /abyssal-house-names                         3.23 kB         109 kB
├ ○ /acid-dungeon-names                          3.23 kB         109 kB
├ ○ /acid-monster-names                          3.23 kB         109 kB
├ ○ /adventurer-ship-names                       3.23 kB         109 kB
├ ○ /airship-ship-names                          3.23 kB         109 kB
├ ○ /alien-character-name-generator              3.23 kB         109 kB
├ ○ /alien-ship-names                            3.23 kB         109 kB
├ ○ /ancient-alliance-names                      3.23 kB         109 kB
├ ○ /ancient-city-names                          3.23 kB         109 kB
├ ○ /ancient-clan-names                          3.23 kB         109 kB
├ ○ /ancient-creature-names                      3.23 kB         109 kB
├ ○ /ancient-dominion-names                      3.23 kB         109 kB
├ ○ /ancient-dungeon-names                       3.23 kB         109 kB
├ ○ /ancient-dynasty-names                       3.23 kB         109 kB
├ ○ /ancient-empire-names                        3.23 kB         109 kB
├ ○ /ancient-faction-names                       3.23 kB         109 kB
├ ○ /ancient-guild-names                         3.23 kB         109 kB
├ ○ /ancient-house-names                         3.23 kB         109 kB
├ ○ /ancient-kingdom-names                       3.23 kB         109 kB
├ ○ /ancient-legion-names                        3.23 kB         109 kB
├ ○ /ancient-monster-names                       3.23 kB         109 kB
├ ○ /ancient-order-names                         3.23 kB         109 kB
├ ○ /ancient-realm-names                         3.23 kB         109 kB
├ ○ /ancient-ship-names                          3.23 kB         109 kB
├ ○ /ancient-tribe-names                         3.23 kB         109 kB
├ ○ /angel                                         194 B         103 kB
├ ○ /angel-alliance-names                        3.23 kB         109 kB
├ ○ /angel-character-name-generator              3.23 kB         109 kB
├ ○ /angel-clan-names                            3.23 kB         109 kB
├ ○ /angel-dominion-names                        3.23 kB         109 kB
├ ○ /angel-dynasty-names                         3.23 kB         109 kB
├ ○ /angel-empire-names                          3.23 kB         109 kB
├ ○ /angel-faction-names                         3.23 kB         109 kB
├ ○ /angel-guild-names                           3.23 kB         109 kB
├ ○ /angel-kingdom-names                         3.23 kB         109 kB
├ ○ /angel-legion-names                          3.23 kB         109 kB
├ ○ /angel-name-generator                        3.23 kB         109 kB
├ ○ /angel-names                                 3.23 kB         109 kB
├ ○ /angel-order-names                           3.23 kB         109 kB
├ ○ /angel-realm-names                           3.23 kB         109 kB
├ ○ /angel-tribe-names                           3.23 kB         109 kB
├ ○ /angelic-city-names                          3.23 kB         109 kB
├ ○ /anime-character-name-generator              3.23 kB         109 kB
├ ○ /arabian-city-names                          3.23 kB         109 kB
├ ○ /arcane-alliance-names                       3.23 kB         109 kB
├ ○ /arcane-city-names                           3.23 kB         109 kB
├ ○ /arcane-clan-names                           3.23 kB         109 kB
├ ○ /arcane-dominion-names                       3.23 kB         109 kB
├ ○ /arcane-dungeon-names                        3.23 kB         109 kB
├ ○ /arcane-dynasty-names                        3.23 kB         109 kB
├ ○ /arcane-empire-names                         3.23 kB         109 kB
├ ○ /arcane-faction-names                        3.23 kB         109 kB
├ ○ /arcane-guild-names                          3.23 kB         109 kB
├ ○ /arcane-kingdom-names                        3.23 kB         109 kB
├ ○ /arcane-legion-names                         3.23 kB         109 kB
├ ○ /arcane-monster-names                        3.23 kB         109 kB
├ ○ /arcane-order-names                          3.23 kB         109 kB
├ ○ /arcane-realm-names                          3.23 kB         109 kB
├ ○ /arcane-tribe-names                          3.23 kB         109 kB
├ ○ /arcane-village-names                        3.23 kB         109 kB
├ ○ /archer-character-name-generator             3.23 kB         109 kB
├ ○ /arctic-creature-names                       3.23 kB         109 kB
├ ○ /arctic-dungeon-names                        3.23 kB         109 kB
├ ○ /arctic-monster-names                        3.23 kB         109 kB
├ ○ /artificer-npc-names                         3.23 kB         109 kB
├ ○ /assassin-character-name-generator           3.23 kB         109 kB
├ ○ /astral-creature-names                       3.23 kB         109 kB
├ ○ /astral-dungeon-names                        3.23 kB         109 kB
├ ○ /astral-guild-names                          3.23 kB         109 kB
├ ○ /astral-house-names                          3.23 kB         109 kB
├ ○ /aztec-city-names                            3.23 kB         109 kB
├ ○ /badass-character-name-generator             3.23 kB         109 kB
├ ○ /barbarian-character-name-generator          3.23 kB         109 kB
├ ○ /barbarian-npc-names                         3.23 kB         109 kB
├ ○ /bard-character-name-generator               3.23 kB         109 kB
├ ○ /bard-npc-names                              3.23 kB         109 kB
├ ○ /basilisk-creature-names                     3.23 kB         109 kB
├ ○ /battle-ship-names                           3.23 kB         109 kB
├ ○ /beginner-dungeon-names                      3.23 kB         109 kB
├ ○ /beholder-dungeon-names                      3.23 kB         109 kB
├ ○ /beholder-monster-names                      3.23 kB         109 kB
├ ○ /best-alliance-names                         3.23 kB         109 kB
├ ○ /best-clan-names                             3.23 kB         109 kB
├ ○ /best-dominion-names                         3.23 kB         109 kB
├ ○ /best-dynasty-names                          3.23 kB         109 kB
├ ○ /best-empire-names                           3.23 kB         109 kB
├ ○ /best-faction-names                          3.23 kB         109 kB
├ ○ /best-guild-names                            3.23 kB         109 kB
├ ○ /best-kingdom-names                          3.23 kB         109 kB
├ ○ /best-legion-names                           3.23 kB         109 kB
├ ○ /best-order-names                            3.23 kB         109 kB
├ ○ /best-realm-names                            3.23 kB         109 kB
├ ○ /best-tribe-names                            3.23 kB         109 kB
├ ○ /blacksmith-npc-names                        3.23 kB         109 kB
├ ○ /blessed-city-names                          3.23 kB         109 kB
├ ○ /blessed-dynasty-names                       3.23 kB         109 kB
├ ○ /blessed-empire-names                        3.23 kB         109 kB
├ ○ /blog                                        3.23 kB         109 kB
├ ● /blog/[slug]                                 3.23 kB         109 kB
├   ├ /blog/how-to-create-fantasy-kingdom-names
├   ├ /blog/best-guild-name-ideas-for-rpg-games
├   ├ /blog/dragon-name-generator-guide
├   └ [+182 more paths]
├ ● /blog/category/[slug]                        3.23 kB         109 kB
├   ├ /blog/category/fantasy
├   ├ /blog/category/rpg
├   ├ /blog/category/dnd
├   └ [+5 more paths]
├ ○ /blood-alliance-names                        3.23 kB         109 kB
├ ○ /blood-clan-names                            3.23 kB         109 kB
├ ○ /blood-dominion-names                        3.23 kB         109 kB
├ ○ /blood-dynasty-names                         3.23 kB         109 kB
├ ○ /blood-elf-character-name-generator          3.23 kB         109 kB
├ ○ /blood-empire-names                          3.23 kB         109 kB
├ ○ /blood-faction-names                         3.23 kB         109 kB
├ ○ /blood-guild-names                           3.23 kB         109 kB
├ ○ /blood-hunter-npc-names                      3.23 kB         109 kB
├ ○ /blood-kingdom-names                         3.23 kB         109 kB
├ ○ /blood-legion-names                          3.23 kB         109 kB
├ ○ /blood-order-names                           3.23 kB         109 kB
├ ○ /blood-realm-names                           3.23 kB         109 kB
├ ○ /blood-tribe-names                           3.23 kB         109 kB
├ ○ /boss-monster-names                          3.23 kB         109 kB
├ ○ /capital-city-names                          3.23 kB         109 kB
├ ○ /catacomb-dungeon-names                      3.23 kB         109 kB
├ ○ /cave-monster-names                          3.23 kB         109 kB
├ ○ /cavern-dungeon-names                        3.23 kB         109 kB
├ ○ /celestial-alliance-names                    3.23 kB         109 kB
├ ○ /celestial-castle-names                      3.23 kB         109 kB
├ ○ /celestial-clan-names                        3.23 kB         109 kB
├ ○ /celestial-creature-names                    3.23 kB         109 kB
├ ○ /celestial-dominion-names                    3.23 kB         109 kB
├ ○ /celestial-dungeon-names                     3.23 kB         109 kB
├ ○ /celestial-dynasty-names                     3.23 kB         109 kB
├ ○ /celestial-empire-names                      3.23 kB         109 kB
├ ○ /celestial-faction-names                     3.23 kB         109 kB
├ ○ /celestial-guild-names                       3.23 kB         109 kB
├ ○ /celestial-kingdom-names                     3.23 kB         109 kB
├ ○ /celestial-legion-names                      3.23 kB         109 kB
├ ○ /celestial-order-names                       3.23 kB         109 kB
├ ○ /celestial-realm-names                       3.23 kB         109 kB
├ ○ /celestial-ship-names                        3.23 kB         109 kB
├ ○ /celestial-tribe-names                       3.23 kB         109 kB
├ ○ /celtic-character-name-generator             3.23 kB         109 kB
├ ○ /celtic-city-names                           3.23 kB         109 kB
├ ○ /celtic-creature-names                       3.23 kB         109 kB
├ ○ /centaur-creature-names                      3.23 kB         109 kB
├ ○ /chaos-dominion-names                        3.23 kB         109 kB
├ ○ /chaos-empire-names                          3.23 kB         109 kB
├ ○ /chaotic-character-name-generator            3.23 kB         109 kB
├ ○ /chaotic-dungeon-names                       3.23 kB         109 kB
├ ○ /character-name-generator                    3.23 kB         109 kB
├ ○ /chimera-creature-names                      3.23 kB         109 kB
├ ○ /chimera-monster-names                       3.23 kB         109 kB
├ ○ /chinese-character-name-generator            3.23 kB         109 kB
├ ○ /chinese-city-names                          3.23 kB         109 kB
├ ○ /cistern-dungeon-names                       3.23 kB         109 kB
├ ○ /city-npc-names                              3.23 kB         109 kB
├ ○ /clan                                          194 B         103 kB
├ ○ /clan-name-generator                         3.23 kB         109 kB
├ ○ /clan-names                                  3.23 kB         109 kB
├ ○ /cleric-character-name-generator             3.23 kB         109 kB
├ ○ /cleric-npc-names                            3.23 kB         109 kB
├ ○ /coastal-city-names                          3.23 kB         109 kB
├ ○ /coastal-dungeon-names                       3.23 kB         109 kB
├ ○ /contact                                     3.23 kB         109 kB
├ ○ /continent-name-generator                    3.23 kB         109 kB
├ ○ /cookie-policy                               3.23 kB         109 kB
├ ○ /cool-alliance-names                         3.23 kB         109 kB
├ ○ /cool-character-name-generator               3.23 kB         109 kB
├ ○ /cool-clan-names                             3.23 kB         109 kB
├ ○ /cool-dominion-names                         3.23 kB         109 kB
├ ○ /cool-dynasty-names                          3.23 kB         109 kB
├ ○ /cool-empire-names                           3.23 kB         109 kB
├ ○ /cool-faction-names                          3.23 kB         109 kB
├ ○ /cool-guild-names                            3.23 kB         109 kB
├ ○ /cool-kingdom-names                          3.23 kB         109 kB
├ ○ /cool-legion-names                           3.23 kB         109 kB
├ ○ /cool-order-names                            3.23 kB         109 kB
├ ○ /cool-realm-names                            3.23 kB         109 kB
├ ○ /cool-tribe-names                            3.23 kB         109 kB
├ ○ /creature                                      194 B         103 kB
├ ○ /creature-names                              3.23 kB         109 kB
├ ○ /crimson-dungeon-names                       3.23 kB         109 kB
├ ○ /crimson-guild-names                         3.23 kB         109 kB
├ ○ /crimson-legion-names                        3.23 kB         109 kB
├ ○ /crypt-dungeon-names                         3.23 kB         109 kB
├ ○ /crystal-alliance-names                      3.23 kB         109 kB
├ ○ /crystal-city-names                          3.23 kB         109 kB
├ ○ /crystal-clan-names                          3.23 kB         109 kB
├ ○ /crystal-dominion-names                      3.23 kB         109 kB
├ ○ /crystal-dungeon-names                       3.23 kB         109 kB
├ ○ /crystal-dynasty-names                       3.23 kB         109 kB
├ ○ /crystal-empire-names                        3.23 kB         109 kB
├ ○ /crystal-faction-names                       3.23 kB         109 kB
├ ○ /crystal-guild-names                         3.23 kB         109 kB
├ ○ /crystal-kingdom-names                       3.23 kB         109 kB
├ ○ /crystal-legion-names                        3.23 kB         109 kB
├ ○ /crystal-order-names                         3.23 kB         109 kB
├ ○ /crystal-realm-names                         3.23 kB         109 kB
├ ○ /crystal-ship-names                          3.23 kB         109 kB
├ ○ /crystal-tribe-names                         3.23 kB         109 kB
├ ○ /cursed-alliance-names                       3.23 kB         109 kB
├ ○ /cursed-city-names                           3.23 kB         109 kB
├ ○ /cursed-clan-names                           3.23 kB         109 kB
├ ○ /cursed-creature-names                       3.23 kB         109 kB
├ ○ /cursed-dominion-names                       3.23 kB         109 kB
├ ○ /cursed-dungeon-names                        3.23 kB         109 kB
├ ○ /cursed-dynasty-names                        3.23 kB         109 kB
├ ○ /cursed-empire-names                         3.23 kB         109 kB
├ ○ /cursed-faction-names                        3.23 kB         109 kB
├ ○ /cursed-guild-names                          3.23 kB         109 kB
├ ○ /cursed-kingdom-names                        3.23 kB         109 kB
├ ○ /cursed-legion-names                         3.23 kB         109 kB
├ ○ /cursed-monster-names                        3.23 kB         109 kB
├ ○ /cursed-order-names                          3.23 kB         109 kB
├ ○ /cursed-realm-names                          3.23 kB         109 kB
├ ○ /cursed-ship-names                           3.23 kB         109 kB
├ ○ /cursed-tribe-names                          3.23 kB         109 kB
├ ○ /cyberpunk-character-name-generator          3.23 kB         109 kB
├ ○ /cyberpunk-city-names                        3.23 kB         109 kB
├ ○ /cyberpunk-npc-names                         3.23 kB         109 kB
├ ○ /dark-alliance-names                         3.23 kB         109 kB
├ ○ /dark-castle-names                           3.23 kB         109 kB
├ ○ /dark-character-name-generator               3.23 kB         109 kB
├ ○ /dark-city-names                             3.23 kB         109 kB
├ ○ /dark-clan-names                             3.23 kB         109 kB
├ ○ /dark-creature-names                         3.23 kB         109 kB
├ ○ /dark-dominion-names                         3.23 kB         109 kB
├ ○ /dark-dungeon-names                          3.23 kB         109 kB
├ ○ /dark-dwarven-city-names                     3.23 kB         109 kB
├ ○ /dark-dynasty-names                          3.23 kB         109 kB
├ ○ /dark-elf-character-name-generator           3.23 kB         109 kB
├ ○ /dark-elven-city-names                       3.23 kB         109 kB
├ ○ /dark-empire-names                           3.23 kB         109 kB
├ ○ /dark-faction-names                          3.23 kB         109 kB
├ ○ /dark-fantasy-city-names                     3.23 kB         109 kB
├ ○ /dark-fantasy-dungeon-names                  3.23 kB         109 kB
├ ○ /dark-guild-names                            3.23 kB         109 kB
├ ○ /dark-kingdom-names                          3.23 kB         109 kB
├ ○ /dark-legion-names                           3.23 kB         109 kB
├ ○ /dark-monster-names                          3.23 kB         109 kB
├ ○ /dark-order-names                            3.23 kB         109 kB
├ ○ /dark-realm-names                            3.23 kB         109 kB
├ ○ /dark-ship-names                             3.23 kB         109 kB
├ ○ /dark-tribe-names                            3.23 kB         109 kB
├ ○ /dawn-city-names                             3.23 kB         109 kB
├ ○ /dawn-dynasty-names                          3.23 kB         109 kB
├ ○ /dawn-kingdom-names                          3.23 kB         109 kB
├ ○ /deadly-dungeon-names                        3.23 kB         109 kB
├ ○ /demon                                         194 B         103 kB
├ ○ /demon-alliance-names                        3.23 kB         109 kB
├ ○ /demon-character-name-generator              3.23 kB         109 kB
├ ○ /demon-clan-names                            3.23 kB         109 kB
├ ○ /demon-dominion-names                        3.23 kB         109 kB
├ ○ /demon-dungeon-names                         3.23 kB         109 kB
├ ○ /demon-dynasty-names                         3.23 kB         109 kB
├ ○ /demon-empire-names                          3.23 kB         109 kB
├ ○ /demon-faction-names                         3.23 kB         109 kB
├ ○ /demon-guild-names                           3.23 kB         109 kB
├ ○ /demon-kingdom-names                         3.23 kB         109 kB
├ ○ /demon-legion-names                          3.23 kB         109 kB
├ ○ /demon-monster-names                         3.23 kB         109 kB
├ ○ /demon-name-generator                        3.23 kB         109 kB
├ ○ /demon-names                                 3.23 kB         109 kB
├ ○ /demon-order-names                           3.23 kB         109 kB
├ ○ /demon-realm-names                           3.23 kB         109 kB
├ ○ /demon-tribe-names                           3.23 kB         109 kB
├ ○ /demonic-city-names                          3.23 kB         109 kB
├ ○ /desert-city-names                           3.23 kB         109 kB
├ ○ /desert-creature-names                       3.23 kB         109 kB
├ ○ /desert-dungeon-names                        3.23 kB         109 kB
├ ○ /desert-monster-names                        3.23 kB         109 kB
├ ○ /disclaimer                                    194 B         103 kB
├ ○ /divine-dungeon-names                        3.23 kB         109 kB
├ ○ /divine-guild-names                          3.23 kB         109 kB
├ ○ /divine-realm-names                          3.23 kB         109 kB
├ ○ /dnd-character-name-generator                3.23 kB         109 kB
├ ○ /dnd-city-names                              3.23 kB         109 kB
├ ○ /dnd-creature-names                          3.23 kB         109 kB
├ ○ /dnd-dungeon-names                           3.23 kB         109 kB
├ ○ /dnd-monster-names                           3.23 kB         109 kB
├ ○ /dnd-npc-names                               3.23 kB         109 kB
├ ○ /dragon                                        194 B         103 kB
├ ○ /dragon-alliance-names                       3.23 kB         109 kB
├ ○ /dragon-character-name-generator             3.23 kB         109 kB
├ ○ /dragon-city-names                           3.23 kB         109 kB
├ ○ /dragon-clan-names                           3.23 kB         109 kB
├ ○ /dragon-creature-names                       3.23 kB         109 kB
├ ○ /dragon-dominion-names                       3.23 kB         109 kB
├ ○ /dragon-dungeon-names                        3.23 kB         109 kB
├ ○ /dragon-dynasty-names                        3.23 kB         109 kB
├ ○ /dragon-empire-names                         3.23 kB         109 kB
├ ○ /dragon-faction-names                        3.23 kB         109 kB
├ ○ /dragon-guild-names                          3.23 kB         109 kB
├ ○ /dragon-kingdom-names                        3.23 kB         109 kB
├ ○ /dragon-legion-names                         3.23 kB         109 kB
├ ○ /dragon-monster-names                        3.23 kB         109 kB
├ ○ /dragon-name-generator                       3.23 kB         109 kB
├ ○ /dragon-names                                3.23 kB         109 kB
├ ○ /dragon-order-names                          3.23 kB         109 kB
├ ○ /dragon-realm-names                          3.23 kB         109 kB
├ ○ /dragon-ship-names                           3.23 kB         109 kB
├ ○ /dragon-tribe-names                          3.23 kB         109 kB
├ ○ /dragonborn-character-name-generator         3.23 kB         109 kB
├ ○ /dragonborn-npc-names                        3.23 kB         109 kB
├ ○ /dread-clan-names                            3.23 kB         109 kB
├ ○ /dread-tribe-names                           3.23 kB         109 kB
├ ○ /dreadnought-ship-names                      3.23 kB         109 kB
├ ○ /drow-dungeon-names                          3.23 kB         109 kB
├ ○ /druid-character-name-generator              3.23 kB         109 kB
├ ○ /druid-npc-names                             3.23 kB         109 kB
├ ○ /dryad-creature-names                        3.23 kB         109 kB
├ ○ /dungeon                                       194 B         103 kB
├ ○ /dungeon-names                               3.23 kB         109 kB
├ ○ /dungeons-and-dragons-city-names             3.23 kB         109 kB
├ ○ /dusk-empire-names                           3.23 kB         109 kB
├ ○ /dusk-order-names                            3.23 kB         109 kB
├ ○ /dwarf-alliance-names                        3.23 kB         109 kB
├ ○ /dwarf-character-name-generator              3.23 kB         109 kB
├ ○ /dwarf-clan-names                            3.23 kB         109 kB
├ ○ /dwarf-dominion-names                        3.23 kB         109 kB
├ ○ /dwarf-dynasty-names                         3.23 kB         109 kB
├ ○ /dwarf-empire-names                          3.23 kB         109 kB
├ ○ /dwarf-faction-names                         3.23 kB         109 kB
├ ○ /dwarf-guild-names                           3.23 kB         109 kB
├ ○ /dwarf-kingdom-names                         3.23 kB         109 kB
├ ○ /dwarf-legion-names                          3.23 kB         109 kB
├ ○ /dwarf-npc-names                             3.23 kB         109 kB
├ ○ /dwarf-order-names                           3.23 kB         109 kB
├ ○ /dwarf-realm-names                           3.23 kB         109 kB
├ ○ /dwarf-tribe-names                           3.23 kB         109 kB
├ ○ /dwarven-city-names                          3.23 kB         109 kB
├ ○ /dwarven-dungeon-names                       3.23 kB         109 kB
├ ○ /dwarven-mountain-city-names                 3.23 kB         109 kB
├ ○ /dwarven-ship-names                          3.23 kB         109 kB
├ ○ /dystopian-city-names                        3.23 kB         109 kB
├ ○ /egyptian-character-name-generator           3.23 kB         109 kB
├ ○ /egyptian-city-names                         3.23 kB         109 kB
├ ○ /egyptian-dungeon-names                      3.23 kB         109 kB
├ ○ /elder-scrolls-city-names                    3.23 kB         109 kB
├ ○ /elderly-npc-names                           3.23 kB         109 kB
├ ○ /eldritch-creature-names                     3.23 kB         109 kB
├ ○ /elemental-creature-names                    3.23 kB         109 kB
├ ○ /elemental-dungeon-names                     3.23 kB         109 kB
├ ○ /elemental-monster-names                     3.23 kB         109 kB
├ ○ /elf                                           194 B         103 kB
├ ○ /elf-alliance-names                          3.23 kB         109 kB
├ ○ /elf-character-name-generator                3.23 kB         109 kB
├ ○ /elf-clan-names                              3.23 kB         109 kB
├ ○ /elf-dominion-names                          3.23 kB         109 kB
├ ○ /elf-dynasty-names                           3.23 kB         109 kB
├ ○ /elf-empire-names                            3.23 kB         109 kB
├ ○ /elf-faction-names                           3.23 kB         109 kB
├ ○ /elf-guild-names                             3.23 kB         109 kB
├ ○ /elf-kingdom-names                           3.23 kB         109 kB
├ ○ /elf-legion-names                            3.23 kB         109 kB
├ ○ /elf-name-generator                          3.23 kB         109 kB
├ ○ /elf-names                                   3.23 kB         109 kB
├ ○ /elf-npc-names                               3.23 kB         109 kB
├ ○ /elf-order-names                             3.23 kB         109 kB
├ ○ /elf-realm-names                             3.23 kB         109 kB
├ ○ /elf-tribe-names                             3.23 kB         109 kB
├ ○ /elite-monster-names                         3.23 kB         109 kB
├ ○ /elven-city-names                            3.23 kB         109 kB
├ ○ /elven-dungeon-names                         3.23 kB         109 kB
├ ○ /elven-forest-city-names                     3.23 kB         109 kB
├ ○ /elven-ship-names                            3.23 kB         109 kB
├ ○ /ember-city-names                            3.23 kB         109 kB
├ ○ /ember-clan-names                            3.23 kB         109 kB
├ ○ /ember-village-names                         3.23 kB         109 kB
├ ○ /empire                                        194 B         103 kB
├ ○ /empire-name-generator                       3.23 kB         109 kB
├ ○ /empire-names                                3.23 kB         109 kB
├ ○ /enchanted-creature-names                    3.23 kB         109 kB
├ ○ /epic-alliance-names                         3.23 kB         109 kB
├ ○ /epic-character-name-generator               3.23 kB         109 kB
├ ○ /epic-city-names                             3.23 kB         109 kB
├ ○ /epic-clan-names                             3.23 kB         109 kB
├ ○ /epic-dominion-names                         3.23 kB         109 kB
├ ○ /epic-dungeon-names                          3.23 kB         109 kB
├ ○ /epic-dynasty-names                          3.23 kB         109 kB
├ ○ /epic-empire-names                           3.23 kB         109 kB
├ ○ /epic-faction-names                          3.23 kB         109 kB
├ ○ /epic-fantasy-city-names                     3.23 kB         109 kB
├ ○ /epic-guild-names                            3.23 kB         109 kB
├ ○ /epic-kingdom-names                          3.23 kB         109 kB
├ ○ /epic-legion-names                           3.23 kB         109 kB
├ ○ /epic-order-names                            3.23 kB         109 kB
├ ○ /epic-realm-names                            3.23 kB         109 kB
├ ○ /epic-tribe-names                            3.23 kB         109 kB
├ ○ /eternal-alliance-names                      3.23 kB         109 kB
├ ○ /eternal-clan-names                          3.23 kB         109 kB
├ ○ /eternal-dominion-names                      3.23 kB         109 kB
├ ○ /eternal-dynasty-names                       3.23 kB         109 kB
├ ○ /eternal-empire-names                        3.23 kB         109 kB
├ ○ /eternal-faction-names                       3.23 kB         109 kB
├ ○ /eternal-guild-names                         3.23 kB         109 kB
├ ○ /eternal-kingdom-names                       3.23 kB         109 kB
├ ○ /eternal-legion-names                        3.23 kB         109 kB
├ ○ /eternal-order-names                         3.23 kB         109 kB
├ ○ /eternal-realm-names                         3.23 kB         109 kB
├ ○ /eternal-tribe-names                         3.23 kB         109 kB
├ ○ /ethereal-creature-names                     3.23 kB         109 kB
├ ○ /ethereal-dungeon-names                      3.23 kB         109 kB
├ ○ /evil-alliance-names                         3.23 kB         109 kB
├ ○ /evil-character-name-generator               3.23 kB         109 kB
├ ○ /evil-clan-names                             3.23 kB         109 kB
├ ○ /evil-dominion-names                         3.23 kB         109 kB
├ ○ /evil-dynasty-names                          3.23 kB         109 kB
├ ○ /evil-empire-names                           3.23 kB         109 kB
├ ○ /evil-faction-names                          3.23 kB         109 kB
├ ○ /evil-guild-names                            3.23 kB         109 kB
├ ○ /evil-kingdom-names                          3.23 kB         109 kB
├ ○ /evil-legion-names                           3.23 kB         109 kB
├ ○ /evil-order-names                            3.23 kB         109 kB
├ ○ /evil-realm-names                            3.23 kB         109 kB
├ ○ /evil-tribe-names                            3.23 kB         109 kB
├ ○ /expert-dungeon-names                        3.23 kB         109 kB
├ ○ /explorer-ship-names                         3.23 kB         109 kB
├ ○ /faction-name-generator                      3.23 kB         109 kB
├ ○ /fairy-character-name-generator              3.23 kB         109 kB
├ ○ /fairy-city-names                            3.23 kB         109 kB
├ ○ /fairy-creature-names                        3.23 kB         109 kB
├ ○ /fairy-tale-character-name-generator         3.23 kB         109 kB
├ ○ /fallen-clan-names                           3.23 kB         109 kB
├ ○ /fallen-order-names                          3.23 kB         109 kB
├ ○ /fantasy-character-name-generator            3.23 kB         109 kB
├ ○ /fantasy-city-names                          3.23 kB         109 kB
├ ○ /fantasy-creature-names                      3.23 kB         109 kB
├ ○ /fantasy-dungeon-names                       3.23 kB         109 kB
├ ○ /fantasy-monster-names                       3.23 kB         109 kB
├ ○ /fantasy-name-generator                      3.23 kB         109 kB
├ ○ /fantasy-npc-names                           3.23 kB         109 kB
├ ○ /fantasy-ship-names                          3.23 kB         109 kB
├ ○ /faq                                         3.23 kB         109 kB
├ ○ /female-character-name-generator             3.23 kB         109 kB
├ ○ /female-dwarf-character-name-generator       3.23 kB         109 kB
├ ○ /female-elf-character-name-generator         3.23 kB         109 kB
├ ○ /female-fantasy-character-name-generator     3.23 kB         109 kB
├ ○ /female-npc-names                            3.23 kB         109 kB
├ ○ /female-orc-character-name-generator         3.23 kB         109 kB
├ ○ /female-vampire-character-name-generator     3.23 kB         109 kB
├ ○ /female-wizard-character-name-generator      3.23 kB         109 kB
├ ○ /fey-creature-names                          3.23 kB         109 kB
├ ○ /feywild-dungeon-names                       3.23 kB         109 kB
├ ○ /fierce-empire-names                         3.23 kB         109 kB
├ ○ /fierce-order-names                          3.23 kB         109 kB
├ ○ /fighter-npc-names                           3.23 kB         109 kB
├ ○ /final-fantasy-city-names                    3.23 kB         109 kB
├ ○ /fire-alliance-names                         3.23 kB         109 kB
├ ○ /fire-clan-names                             3.23 kB         109 kB
├ ○ /fire-dominion-names                         3.23 kB         109 kB
├ ○ /fire-dungeon-names                          3.23 kB         109 kB
├ ○ /fire-dynasty-names                          3.23 kB         109 kB
├ ○ /fire-empire-names                           3.23 kB         109 kB
├ ○ /fire-faction-names                          3.23 kB         109 kB
├ ○ /fire-guild-names                            3.23 kB         109 kB
├ ○ /fire-kingdom-names                          3.23 kB         109 kB
├ ○ /fire-legion-names                           3.23 kB         109 kB
├ ○ /fire-monster-names                          3.23 kB         109 kB
├ ○ /fire-order-names                            3.23 kB         109 kB
├ ○ /fire-realm-names                            3.23 kB         109 kB
├ ○ /fire-ship-names                             3.23 kB         109 kB
├ ○ /fire-tribe-names                            3.23 kB         109 kB
├ ○ /fishing-city-names                          3.23 kB         109 kB
├ ○ /fishing-ship-names                          3.23 kB         109 kB
├ ○ /flagship-ship-names                         3.23 kB         109 kB
├ ○ /floating-city-names                         3.23 kB         109 kB
├ ○ /floating-dungeon-names                      3.23 kB         109 kB
├ ○ /folklore-creature-names                     3.23 kB         109 kB
├ ○ /forest-city-names                           3.23 kB         109 kB
├ ○ /forest-creature-names                       3.23 kB         109 kB
├ ○ /forest-dungeon-names                        3.23 kB         109 kB
├ ○ /forest-monster-names                        3.23 kB         109 kB
├ ○ /forgotten-alliance-names                    3.23 kB         109 kB
├ ○ /forgotten-clan-names                        3.23 kB         109 kB
├ ○ /forgotten-dominion-names                    3.23 kB         109 kB
├ ○ /forgotten-dungeon-names                     3.23 kB         109 kB
├ ○ /forgotten-dynasty-names                     3.23 kB         109 kB
├ ○ /forgotten-empire-names                      3.23 kB         109 kB
├ ○ /forgotten-faction-names                     3.23 kB         109 kB
├ ○ /forgotten-guild-names                       3.23 kB         109 kB
├ ○ /forgotten-kingdom-names                     3.23 kB         109 kB
├ ○ /forgotten-legion-names                      3.23 kB         109 kB
├ ○ /forgotten-order-names                       3.23 kB         109 kB
├ ○ /forgotten-realm-names                       3.23 kB         109 kB
├ ○ /forgotten-tribe-names                       3.23 kB         109 kB
├ ○ /fortnite-name-generator                     3.23 kB         109 kB
├ ○ /fortress-city-names                         3.23 kB         109 kB
├ ○ /fortress-dungeon-names                      3.23 kB         109 kB
├ ○ /frigate-ship-names                          3.23 kB         109 kB
├ ○ /frost-city-names                            3.23 kB         109 kB
├ ○ /frost-empire-names                          3.23 kB         109 kB
├ ○ /frozen-alliance-names                       3.23 kB         109 kB
├ ○ /frozen-city-names                           3.23 kB         109 kB
├ ○ /frozen-clan-names                           3.23 kB         109 kB
├ ○ /frozen-dominion-names                       3.23 kB         109 kB
├ ○ /frozen-dungeon-names                        3.23 kB         109 kB
├ ○ /frozen-dynasty-names                        3.23 kB         109 kB
├ ○ /frozen-empire-names                         3.23 kB         109 kB
├ ○ /frozen-faction-names                        3.23 kB         109 kB
├ ○ /frozen-guild-names                          3.23 kB         109 kB
├ ○ /frozen-kingdom-names                        3.23 kB         109 kB
├ ○ /frozen-legion-names                         3.23 kB         109 kB
├ ○ /frozen-order-names                          3.23 kB         109 kB
├ ○ /frozen-realm-names                          3.23 kB         109 kB
├ ○ /frozen-tribe-names                          3.23 kB         109 kB
├ ○ /funny-character-name-generator              3.23 kB         109 kB
├ ○ /futuristic-city-names                       3.23 kB         109 kB
├ ○ /futuristic-ship-names                       3.23 kB         109 kB
├ ○ /galleon-ship-names                          3.23 kB         109 kB
├ ○ /generators                                  3.23 kB         109 kB
├ ○ /ghost-monster-names                         3.23 kB         109 kB
├ ○ /ghost-ship-names                            3.23 kB         109 kB
├ ○ /giant-alliance-names                        3.23 kB         109 kB
├ ○ /giant-character-name-generator              3.23 kB         109 kB
├ ○ /giant-clan-names                            3.23 kB         109 kB
├ ○ /giant-creature-names                        3.23 kB         109 kB
├ ○ /giant-dominion-names                        3.23 kB         109 kB
├ ○ /giant-dungeon-names                         3.23 kB         109 kB
├ ○ /giant-dynasty-names                         3.23 kB         109 kB
├ ○ /giant-empire-names                          3.23 kB         109 kB
├ ○ /giant-faction-names                         3.23 kB         109 kB
├ ○ /giant-guild-names                           3.23 kB         109 kB
├ ○ /giant-kingdom-names                         3.23 kB         109 kB
├ ○ /giant-legion-names                          3.23 kB         109 kB
├ ○ /giant-monster-names                         3.23 kB         109 kB
├ ○ /giant-order-names                           3.23 kB         109 kB
├ ○ /giant-realm-names                           3.23 kB         109 kB
├ ○ /giant-tribe-names                           3.23 kB         109 kB
├ ○ /gnome-character-name-generator              3.23 kB         109 kB
├ ○ /gnome-npc-names                             3.23 kB         109 kB
├ ○ /goblin-alliance-names                       3.23 kB         109 kB
├ ○ /goblin-character-name-generator             3.23 kB         109 kB
├ ○ /goblin-city-names                           3.23 kB         109 kB
├ ○ /goblin-clan-names                           3.23 kB         109 kB
├ ○ /goblin-dominion-names                       3.23 kB         109 kB
├ ○ /goblin-dungeon-names                        3.23 kB         109 kB
├ ○ /goblin-dynasty-names                        3.23 kB         109 kB
├ ○ /goblin-empire-names                         3.23 kB         109 kB
├ ○ /goblin-faction-names                        3.23 kB         109 kB
├ ○ /goblin-guild-names                          3.23 kB         109 kB
├ ○ /goblin-kingdom-names                        3.23 kB         109 kB
├ ○ /goblin-legion-names                         3.23 kB         109 kB
├ ○ /goblin-monster-names                        3.23 kB         109 kB
├ ○ /goblin-npc-names                            3.23 kB         109 kB
├ ○ /goblin-order-names                          3.23 kB         109 kB
├ ○ /goblin-realm-names                          3.23 kB         109 kB
├ ○ /goblin-tribe-names                          3.23 kB         109 kB
├ ○ /golden-alliance-names                       3.23 kB         109 kB
├ ○ /golden-city-names                           3.23 kB         109 kB
├ ○ /golden-clan-names                           3.23 kB         109 kB
├ ○ /golden-dominion-names                       3.23 kB         109 kB
├ ○ /golden-dynasty-names                        3.23 kB         109 kB
├ ○ /golden-empire-names                         3.23 kB         109 kB
├ ○ /golden-faction-names                        3.23 kB         109 kB
├ ○ /golden-guild-names                          3.23 kB         109 kB
├ ○ /golden-kingdom-names                        3.23 kB         109 kB
├ ○ /golden-legion-names                         3.23 kB         109 kB
├ ○ /golden-order-names                          3.23 kB         109 kB
├ ○ /golden-realm-names                          3.23 kB         109 kB
├ ○ /golden-ship-names                           3.23 kB         109 kB
├ ○ /golden-tribe-names                          3.23 kB         109 kB
├ ○ /golem-monster-names                         3.23 kB         109 kB
├ ○ /gothic-character-name-generator             3.23 kB         109 kB
├ ○ /grand-city-names                            3.23 kB         109 kB
├ ○ /greek-character-name-generator              3.23 kB         109 kB
├ ○ /greek-city-names                            3.23 kB         109 kB
├ ○ /greek-creature-names                        3.23 kB         109 kB
├ ○ /greek-dungeon-names                         3.23 kB         109 kB
├ ○ /griffin-creature-names                      3.23 kB         109 kB
├ ○ /griffin-monster-names                       3.23 kB         109 kB
├ ○ /grim-alliance-names                         3.23 kB         109 kB
├ ○ /grim-kingdom-names                          3.23 kB         109 kB
├ ○ /guard-npc-names                             3.23 kB         109 kB
├ ○ /guild                                         194 B         103 kB
├ ○ /guild-name-generator                        3.23 kB         109 kB
├ ○ /guild-names                                 3.23 kB         109 kB
├ ○ /halfling-character-name-generator           3.23 kB         109 kB
├ ○ /halfling-npc-names                          3.23 kB         109 kB
├ ○ /hallow-guild-names                          3.23 kB         109 kB
├ ○ /hallow-legion-names                         3.23 kB         109 kB
├ ○ /haunted-dungeon-names                       3.23 kB         109 kB
├ ○ /healer-character-name-generator             3.23 kB         109 kB
├ ○ /heroic-character-name-generator             3.23 kB         109 kB
├ ○ /heroic-dungeon-names                        3.23 kB         109 kB
├ ○ /hidden-city-names                           3.23 kB         109 kB
├ ○ /hidden-dungeon-names                        3.23 kB         109 kB
├ ○ /hidden-dynasty-names                        3.23 kB         109 kB
├ ○ /hidden-kingdom-names                        3.23 kB         109 kB
├ ○ /high-elf-character-name-generator           3.23 kB         109 kB
├ ○ /high-elven-city-names                       3.23 kB         109 kB
├ ○ /high-fantasy-city-names                     3.23 kB         109 kB
├ ○ /hollow-clan-names                           3.23 kB         109 kB
├ ○ /hollow-tribe-names                          3.23 kB         109 kB
├ ○ /holy-alliance-names                         3.23 kB         109 kB
├ ○ /holy-city-names                             3.23 kB         109 kB
├ ○ /holy-clan-names                             3.23 kB         109 kB
├ ○ /holy-dominion-names                         3.23 kB         109 kB
├ ○ /holy-dynasty-names                          3.23 kB         109 kB
├ ○ /holy-empire-names                           3.23 kB         109 kB
├ ○ /holy-faction-names                          3.23 kB         109 kB
├ ○ /holy-guild-names                            3.23 kB         109 kB
├ ○ /holy-kingdom-names                          3.23 kB         109 kB
├ ○ /holy-legion-names                           3.23 kB         109 kB
├ ○ /holy-order-names                            3.23 kB         109 kB
├ ○ /holy-realm-names                            3.23 kB         109 kB
├ ○ /holy-tribe-names                            3.23 kB         109 kB
├ ○ /human-alliance-names                        3.23 kB         109 kB
├ ○ /human-character-name-generator              3.23 kB         109 kB
├ ○ /human-clan-names                            3.23 kB         109 kB
├ ○ /human-dominion-names                        3.23 kB         109 kB
├ ○ /human-dynasty-names                         3.23 kB         109 kB
├ ○ /human-empire-names                          3.23 kB         109 kB
├ ○ /human-faction-names                         3.23 kB         109 kB
├ ○ /human-guild-names                           3.23 kB         109 kB
├ ○ /human-kingdom-names                         3.23 kB         109 kB
├ ○ /human-legion-names                          3.23 kB         109 kB
├ ○ /human-npc-names                             3.23 kB         109 kB
├ ○ /human-order-names                           3.23 kB         109 kB
├ ○ /human-realm-names                           3.23 kB         109 kB
├ ○ /human-tribe-names                           3.23 kB         109 kB
├ ○ /hunter-character-name-generator             3.23 kB         109 kB
├ ○ /hydra-creature-names                        3.23 kB         109 kB
├ ○ /hydra-monster-names                         3.23 kB         109 kB
├ ○ /ice-alliance-names                          3.23 kB         109 kB
├ ○ /ice-clan-names                              3.23 kB         109 kB
├ ○ /ice-dominion-names                          3.23 kB         109 kB
├ ○ /ice-dungeon-names                           3.23 kB         109 kB
├ ○ /ice-dynasty-names                           3.23 kB         109 kB
├ ○ /ice-empire-names                            3.23 kB         109 kB
├ ○ /ice-faction-names                           3.23 kB         109 kB
├ ○ /ice-guild-names                             3.23 kB         109 kB
├ ○ /ice-kingdom-names                           3.23 kB         109 kB
├ ○ /ice-legion-names                            3.23 kB         109 kB
├ ○ /ice-monster-names                           3.23 kB         109 kB
├ ○ /ice-order-names                             3.23 kB         109 kB
├ ○ /ice-realm-names                             3.23 kB         109 kB
├ ○ /ice-ship-names                              3.23 kB         109 kB
├ ○ /ice-tribe-names                             3.23 kB         109 kB
├ ○ /imperial-city-names                         3.23 kB         109 kB
├ ○ /infernal-alliance-names                     3.23 kB         109 kB
├ ○ /infernal-city-names                         3.23 kB         109 kB
├ ○ /infernal-clan-names                         3.23 kB         109 kB
├ ○ /infernal-creature-names                     3.23 kB         109 kB
├ ○ /infernal-dominion-names                     3.23 kB         109 kB
├ ○ /infernal-dungeon-names                      3.23 kB         109 kB
├ ○ /infernal-dynasty-names                      3.23 kB         109 kB
├ ○ /infernal-empire-names                       3.23 kB         109 kB
├ ○ /infernal-faction-names                      3.23 kB         109 kB
├ ○ /infernal-guild-names                        3.23 kB         109 kB
├ ○ /infernal-kingdom-names                      3.23 kB         109 kB
├ ○ /infernal-legion-names                       3.23 kB         109 kB
├ ○ /infernal-order-names                        3.23 kB         109 kB
├ ○ /infernal-realm-names                        3.23 kB         109 kB
├ ○ /infernal-ship-names                         3.23 kB         109 kB
├ ○ /infernal-tribe-names                        3.23 kB         109 kB
├ ○ /innkeeper-npc-names                         3.23 kB         109 kB
├ ○ /iron-alliance-names                         3.23 kB         109 kB
├ ○ /iron-city-names                             3.23 kB         109 kB
├ ○ /iron-kingdom-names                          3.23 kB         109 kB
├ ○ /iron-ship-names                             3.23 kB         109 kB
├ ○ /island-city-names                           3.23 kB         109 kB
├ ○ /japanese-character-name-generator           3.23 kB         109 kB
├ ○ /japanese-city-names                         3.23 kB         109 kB
├ ○ /japanese-creature-names                     3.23 kB         109 kB
├ ○ /jungle-city-names                           3.23 kB         109 kB
├ ○ /jungle-dungeon-names                        3.23 kB         109 kB
├ ○ /keep-dungeon-names                          3.23 kB         109 kB
├ ○ /kingdom                                       194 B         103 kB
├ ○ /kingdom-name-generator                      3.23 kB         109 kB
├ ○ /kingdom-names                               3.23 kB         109 kB
├ ○ /kingdom-npc-names                           3.23 kB         109 kB
├ ○ /knight-character-name-generator             3.23 kB         109 kB
├ ○ /kraken-monster-names                        3.23 kB         109 kB
├ ○ /laboratory-dungeon-names                    3.23 kB         109 kB
├ ○ /labyrinth-dungeon-names                     3.23 kB         109 kB
├ ○ /large-city-names                            3.23 kB         109 kB
├ ○ /lawful-character-name-generator             3.23 kB         109 kB
├ ○ /legendary-alliance-names                    3.23 kB         109 kB
├ ○ /legendary-character-name-generator          3.23 kB         109 kB
├ ○ /legendary-city-names                        3.23 kB         109 kB
├ ○ /legendary-clan-names                        3.23 kB         109 kB
├ ○ /legendary-creature-names                    3.23 kB         109 kB
├ ○ /legendary-dominion-names                    3.23 kB         109 kB
├ ○ /legendary-dungeon-names                     3.23 kB         109 kB
├ ○ /legendary-dynasty-names                     3.23 kB         109 kB
├ ○ /legendary-empire-names                      3.23 kB         109 kB
├ ○ /legendary-faction-names                     3.23 kB         109 kB
├ ○ /legendary-guild-names                       3.23 kB         109 kB
├ ○ /legendary-kingdom-names                     3.23 kB         109 kB
├ ○ /legendary-legion-names                      3.23 kB         109 kB
├ ○ /legendary-monster-names                     3.23 kB         109 kB
├ ○ /legendary-order-names                       3.23 kB         109 kB
├ ○ /legendary-realm-names                       3.23 kB         109 kB
├ ○ /legendary-ship-names                        3.23 kB         109 kB
├ ○ /legendary-tribe-names                       3.23 kB         109 kB
├ ○ /level-1-dungeon-names                       3.23 kB         109 kB
├ ○ /level-10-dungeon-names                      3.23 kB         109 kB
├ ○ /level-20-dungeon-names                      3.23 kB         109 kB
├ ○ /level-5-dungeon-names                       3.23 kB         109 kB
├ ○ /library-dungeon-names                       3.23 kB         109 kB
├ ○ /lich-dungeon-names                          3.23 kB         109 kB
├ ○ /lich-monster-names                          3.23 kB         109 kB
├ ○ /lightning-monster-names                     3.23 kB         109 kB
├ ○ /lost-city-names                             3.23 kB         109 kB
├ ○ /lost-dungeon-names                          3.23 kB         109 kB
├ ○ /lunar-clan-names                            3.23 kB         109 kB
├ ○ /lunar-village-names                         3.23 kB         109 kB
├ ○ /mage-character-name-generator               3.23 kB         109 kB
├ ○ /mage-city-names                             3.23 kB         109 kB
├ ○ /magic-city-names                            3.23 kB         109 kB
├ ○ /magical-creature-names                      3.23 kB         109 kB
├ ○ /male-character-name-generator               3.23 kB         109 kB
├ ○ /male-dwarf-character-name-generator         3.23 kB         109 kB
├ ○ /male-elf-character-name-generator           3.23 kB         109 kB
├ ○ /male-fantasy-character-name-generator       3.23 kB         109 kB
├ ○ /male-npc-names                              3.23 kB         109 kB
├ ○ /male-orc-character-name-generator           3.23 kB         109 kB
├ ○ /male-vampire-character-name-generator       3.23 kB         109 kB
├ ○ /male-wizard-character-name-generator        3.23 kB         109 kB
├ ○ /manga-character-name-generator              3.23 kB         109 kB
├ ○ /manticore-monster-names                     3.23 kB         109 kB
├ ○ /master-dungeon-names                        3.23 kB         109 kB
├ ○ /maze-dungeon-names                          3.23 kB         109 kB
├ ○ /medieval-alliance-names                     3.23 kB         109 kB
├ ○ /medieval-character-name-generator           3.23 kB         109 kB
├ ○ /medieval-city-names                         3.23 kB         109 kB
├ ○ /medieval-clan-names                         3.23 kB         109 kB
├ ○ /medieval-dominion-names                     3.23 kB         109 kB
├ ○ /medieval-dynasty-names                      3.23 kB         109 kB
├ ○ /medieval-empire-names                       3.23 kB         109 kB
├ ○ /medieval-faction-names                      3.23 kB         109 kB
├ ○ /medieval-guild-names                        3.23 kB         109 kB
├ ○ /medieval-kingdom-names                      3.23 kB         109 kB
├ ○ /medieval-legion-names                       3.23 kB         109 kB
├ ○ /medieval-npc-names                          3.23 kB         109 kB
├ ○ /medieval-order-names                        3.23 kB         109 kB
├ ○ /medieval-realm-names                        3.23 kB         109 kB
├ ○ /medieval-ship-names                         3.23 kB         109 kB
├ ○ /medieval-tribe-names                        3.23 kB         109 kB
├ ○ /megadungeon-dungeon-names                   3.23 kB         109 kB
├ ○ /merchant-city-names                         3.23 kB         109 kB
├ ○ /merchant-npc-names                          3.23 kB         109 kB
├ ○ /merchant-ship-names                         3.23 kB         109 kB
├ ○ /merfolk-creature-names                      3.23 kB         109 kB
├ ○ /mind-flayer-dungeon-names                   3.23 kB         109 kB
├ ○ /mind-flayer-monster-names                   3.23 kB         109 kB
├ ○ /mine-dungeon-names                          3.23 kB         109 kB
├ ○ /minecraft-name-generator                    3.23 kB         109 kB
├ ○ /mining-city-names                           3.23 kB         109 kB
├ ○ /minion-monster-names                        3.23 kB         109 kB
├ ○ /minotaur-creature-names                     3.23 kB         109 kB
├ ○ /mmorpg-character-name-generator             3.23 kB         109 kB
├ ○ /modern-city-names                           3.23 kB         109 kB
├ ○ /monk-character-name-generator               3.23 kB         109 kB
├ ○ /monk-npc-names                              3.23 kB         109 kB
├ ○ /monster                                       194 B         103 kB
├ ○ /monster-names                               3.23 kB         109 kB
├ ○ /mountain-city-names                         3.23 kB         109 kB
├ ○ /mountain-creature-names                     3.23 kB         109 kB
├ ○ /mountain-dungeon-names                      3.23 kB         109 kB
├ ○ /mountain-monster-names                      3.23 kB         109 kB
├ ○ /mysterious-character-name-generator         3.23 kB         109 kB
├ ○ /mystic-alliance-names                       3.23 kB         109 kB
├ ○ /mystic-clan-names                           3.23 kB         109 kB
├ ○ /mystic-dominion-names                       3.23 kB         109 kB
├ ○ /mystic-dynasty-names                        3.23 kB         109 kB
├ ○ /mystic-empire-names                         3.23 kB         109 kB
├ ○ /mystic-faction-names                        3.23 kB         109 kB
├ ○ /mystic-guild-names                          3.23 kB         109 kB
├ ○ /mystic-kingdom-names                        3.23 kB         109 kB
├ ○ /mystic-legion-names                         3.23 kB         109 kB
├ ○ /mystic-order-names                          3.23 kB         109 kB
├ ○ /mystic-realm-names                          3.23 kB         109 kB
├ ○ /mystic-tribe-names                          3.23 kB         109 kB
├ ○ /mystical-alliance-names                     3.23 kB         109 kB
├ ○ /mystical-city-names                         3.23 kB         109 kB
├ ○ /mystical-clan-names                         3.23 kB         109 kB
├ ○ /mystical-dominion-names                     3.23 kB         109 kB
├ ○ /mystical-dynasty-names                      3.23 kB         109 kB
├ ○ /mystical-empire-names                       3.23 kB         109 kB
├ ○ /mystical-faction-names                      3.23 kB         109 kB
├ ○ /mystical-guild-names                        3.23 kB         109 kB
├ ○ /mystical-kingdom-names                      3.23 kB         109 kB
├ ○ /mystical-legion-names                       3.23 kB         109 kB
├ ○ /mystical-order-names                        3.23 kB         109 kB
├ ○ /mystical-realm-names                        3.23 kB         109 kB
├ ○ /mystical-tribe-names                        3.23 kB         109 kB
├ ○ /mythical-alliance-names                     3.23 kB         109 kB
├ ○ /mythical-city-names                         3.23 kB         109 kB
├ ○ /mythical-clan-names                         3.23 kB         109 kB
├ ○ /mythical-creature-names                     3.23 kB         109 kB
├ ○ /mythical-dominion-names                     3.23 kB         109 kB
├ ○ /mythical-dungeon-names                      3.23 kB         109 kB
├ ○ /mythical-dynasty-names                      3.23 kB         109 kB
├ ○ /mythical-empire-names                       3.23 kB         109 kB
├ ○ /mythical-faction-names                      3.23 kB         109 kB
├ ○ /mythical-guild-names                        3.23 kB         109 kB
├ ○ /mythical-kingdom-names                      3.23 kB         109 kB
├ ○ /mythical-legion-names                       3.23 kB         109 kB
├ ○ /mythical-order-names                        3.23 kB         109 kB
├ ○ /mythical-realm-names                        3.23 kB         109 kB
├ ○ /mythical-ship-names                         3.23 kB         109 kB
├ ○ /mythical-tribe-names                        3.23 kB         109 kB
├ ○ /mythological-monster-names                  3.23 kB         109 kB
├ ○ /mythology-character-name-generator          3.23 kB         109 kB
├ ○ /mythology-creature-names                    3.23 kB         109 kB
├ ○ /naga-alliance-names                         3.23 kB         109 kB
├ ○ /naga-character-name-generator               3.23 kB         109 kB
├ ○ /naga-clan-names                             3.23 kB         109 kB
├ ○ /naga-dominion-names                         3.23 kB         109 kB
├ ○ /naga-dynasty-names                          3.23 kB         109 kB
├ ○ /naga-empire-names                           3.23 kB         109 kB
├ ○ /naga-faction-names                          3.23 kB         109 kB
├ ○ /naga-guild-names                            3.23 kB         109 kB
├ ○ /naga-kingdom-names                          3.23 kB         109 kB
├ ○ /naga-legion-names                           3.23 kB         109 kB
├ ○ /naga-order-names                            3.23 kB         109 kB
├ ○ /naga-realm-names                            3.23 kB         109 kB
├ ○ /naga-tribe-names                            3.23 kB         109 kB
├ ○ /naval-ship-names                            3.23 kB         109 kB
├ ○ /necromancer-character-name-generator        3.23 kB         109 kB
├ ○ /necrotic-dungeon-names                      3.23 kB         109 kB
├ ○ /nether-castle-names                         3.23 kB         109 kB
├ ○ /nether-dungeon-names                        3.23 kB         109 kB
├ ○ /nether-kingdom-names                        3.23 kB         109 kB
├ ○ /neutral-character-name-generator            3.23 kB         109 kB
├ ○ /ninja-character-name-generator              3.23 kB         109 kB
├ ○ /noble-city-names                            3.23 kB         109 kB
├ ○ /noble-clan-names                            3.23 kB         109 kB
├ ○ /noble-npc-names                             3.23 kB         109 kB
├ ○ /noble-ship-names                            3.23 kB         109 kB
├ ○ /noble-tribe-names                           3.23 kB         109 kB
├ ○ /non-binary-character-name-generator         3.23 kB         109 kB
├ ○ /norse-character-name-generator              3.23 kB         109 kB
├ ○ /norse-city-names                            3.23 kB         109 kB
├ ○ /norse-creature-names                        3.23 kB         109 kB
├ ○ /norse-dungeon-names                         3.23 kB         109 kB
├ ○ /npc                                           194 B         103 kB
├ ○ /npc-names                                   3.23 kB         109 kB
├ ○ /nymph-creature-names                        3.23 kB         109 kB
├ ○ /obsidian-dominion-names                     3.23 kB         109 kB
├ ○ /obsidian-empire-names                       3.23 kB         109 kB
├ ○ /ogre-monster-names                          3.23 kB         109 kB
├ ○ /one-shot-dungeon-names                      3.23 kB         109 kB
├ ○ /orc                                           194 B         103 kB
├ ○ /orc-alliance-names                          3.23 kB         109 kB
├ ○ /orc-character-name-generator                3.23 kB         109 kB
├ ○ /orc-clan-names                              3.23 kB         109 kB
├ ○ /orc-dominion-names                          3.23 kB         109 kB
├ ○ /orc-dungeon-names                           3.23 kB         109 kB
├ ○ /orc-dynasty-names                           3.23 kB         109 kB
├ ○ /orc-empire-names                            3.23 kB         109 kB
├ ○ /orc-faction-names                           3.23 kB         109 kB
├ ○ /orc-guild-names                             3.23 kB         109 kB
├ ○ /orc-kingdom-names                           3.23 kB         109 kB
├ ○ /orc-legion-names                            3.23 kB         109 kB
├ ○ /orc-name-generator                          3.23 kB         109 kB
├ ○ /orc-names                                   3.23 kB         109 kB
├ ○ /orc-npc-names                               3.23 kB         109 kB
├ ○ /orc-order-names                             3.23 kB         109 kB
├ ○ /orc-realm-names                             3.23 kB         109 kB
├ ○ /orc-ship-names                              3.23 kB         109 kB
├ ○ /orc-tribe-names                             3.23 kB         109 kB
├ ○ /orcish-city-names                           3.23 kB         109 kB
├ ○ /orcish-desert-city-names                    3.23 kB         109 kB
├ ○ /order-clan-names                            3.23 kB         109 kB
├ ○ /order-faction-names                         3.23 kB         109 kB
├ ○ /osr-dungeon-names                           3.23 kB         109 kB
├ ○ /osr-npc-names                               3.23 kB         109 kB
├ ○ /paladin-character-name-generator            3.23 kB         109 kB
├ ○ /paladin-npc-names                           3.23 kB         109 kB
├ ○ /pathfinder-city-names                       3.23 kB         109 kB
├ ○ /pathfinder-dungeon-names                    3.23 kB         109 kB
├ ○ /pathfinder-npc-names                        3.23 kB         109 kB
├ ○ /peasant-npc-names                           3.23 kB         109 kB
├ ○ /pegasus-creature-names                      3.23 kB         109 kB
├ ○ /phoenix-alliance-names                      3.23 kB         109 kB
├ ○ /phoenix-clan-names                          3.23 kB         109 kB
├ ○ /phoenix-creature-names                      3.23 kB         109 kB
├ ○ /phoenix-dominion-names                      3.23 kB         109 kB
├ ○ /phoenix-dynasty-names                       3.23 kB         109 kB
├ ○ /phoenix-empire-names                        3.23 kB         109 kB
├ ○ /phoenix-faction-names                       3.23 kB         109 kB
├ ○ /phoenix-guild-names                         3.23 kB         109 kB
├ ○ /phoenix-kingdom-names                       3.23 kB         109 kB
├ ○ /phoenix-legion-names                        3.23 kB         109 kB
├ ○ /phoenix-order-names                         3.23 kB         109 kB
├ ○ /phoenix-realm-names                         3.23 kB         109 kB
├ ○ /phoenix-tribe-names                         3.23 kB         109 kB
├ ○ /pirate-character-name-generator             3.23 kB         109 kB
├ ○ /pirate-ship-names                           3.23 kB         109 kB
├ ○ /pixie-creature-names                        3.23 kB         109 kB
├ ○ /poison-dungeon-names                        3.23 kB         109 kB
├ ○ /poison-monster-names                        3.23 kB         109 kB
├ ○ /port-city-names                             3.23 kB         109 kB
├ ○ /post-apocalyptic-character-name-generator   3.23 kB         109 kB
├ ○ /post-apocalyptic-city-names                 3.23 kB         109 kB
├ ○ /powerful-alliance-names                     3.23 kB         109 kB
├ ○ /powerful-clan-names                         3.23 kB         109 kB
├ ○ /powerful-dominion-names                     3.23 kB         109 kB
├ ○ /powerful-dynasty-names                      3.23 kB         109 kB
├ ○ /powerful-empire-names                       3.23 kB         109 kB
├ ○ /powerful-faction-names                      3.23 kB         109 kB
├ ○ /powerful-guild-names                        3.23 kB         109 kB
├ ○ /powerful-kingdom-names                      3.23 kB         109 kB
├ ○ /powerful-legion-names                       3.23 kB         109 kB
├ ○ /powerful-order-names                        3.23 kB         109 kB
├ ○ /powerful-realm-names                        3.23 kB         109 kB
├ ○ /powerful-tribe-names                        3.23 kB         109 kB
├ ○ /primal-alliance-names                       3.23 kB         109 kB
├ ○ /primal-kingdom-names                        3.23 kB         109 kB
├ ○ /prison-dungeon-names                        3.23 kB         109 kB
├ ○ /privacy-policy                                194 B         103 kB
├ ○ /psychic-dungeon-names                       3.23 kB         109 kB
├ ○ /radiant-dominion-names                      3.23 kB         109 kB
├ ○ /radiant-dungeon-names                       3.23 kB         109 kB
├ ○ /radiant-empire-names                        3.23 kB         109 kB
├ ○ /raider-ship-names                           3.23 kB         109 kB
├ ○ /ranger-character-name-generator             3.23 kB         109 kB
├ ○ /ranger-npc-names                            3.23 kB         109 kB
├ ○ /realm-name-generator                        3.23 kB         109 kB
├ ○ /renaissance-city-names                      3.23 kB         109 kB
├ ○ /risen-guild-names                           3.23 kB         109 kB
├ ○ /risen-realm-names                           3.23 kB         109 kB
├ ○ /river-city-names                            3.23 kB         109 kB
├ ○ /roblox-name-generator                       3.23 kB         109 kB
├ ○ /robot-character-name-generator              3.23 kB         109 kB
├ ○ /robots.txt                                    194 B         103 kB
├ ○ /rogue-character-name-generator              3.23 kB         109 kB
├ ○ /rogue-npc-names                             3.23 kB         109 kB
├ ○ /roman-city-names                            3.23 kB         109 kB
├ ○ /royal-alliance-names                        3.23 kB         109 kB
├ ○ /royal-city-names                            3.23 kB         109 kB
├ ○ /royal-clan-names                            3.23 kB         109 kB
├ ○ /royal-dominion-names                        3.23 kB         109 kB
├ ○ /royal-dynasty-names                         3.23 kB         109 kB
├ ○ /royal-empire-names                          3.23 kB         109 kB
├ ○ /royal-faction-names                         3.23 kB         109 kB
├ ○ /royal-guild-names                           3.23 kB         109 kB
├ ○ /royal-kingdom-names                         3.23 kB         109 kB
├ ○ /royal-legion-names                          3.23 kB         109 kB
├ ○ /royal-order-names                           3.23 kB         109 kB
├ ○ /royal-realm-names                           3.23 kB         109 kB
├ ○ /royal-ship-names                            3.23 kB         109 kB
├ ○ /royal-tribe-names                           3.23 kB         109 kB
├ ○ /rpg-character-name-generator                3.23 kB         109 kB
├ ○ /rpg-city-names                              3.23 kB         109 kB
├ ○ /rpg-creature-names                          3.23 kB         109 kB
├ ○ /rpg-dungeon-names                           3.23 kB         109 kB
├ ○ /rpg-monster-names                           3.23 kB         109 kB
├ ○ /rpg-name-generator                          3.23 kB         109 kB
├ ○ /rpg-npc-names                               3.23 kB         109 kB
├ ○ /ruined-city-names                           3.23 kB         109 kB
├ ○ /ruins-dungeon-names                         3.23 kB         109 kB
├ ○ /runic-empire-names                          3.23 kB         109 kB
├ ○ /runic-order-names                           3.23 kB         109 kB
├ ○ /sacred-city-names                           3.23 kB         109 kB
├ ○ /sacred-guild-names                          3.23 kB         109 kB
├ ○ /sacred-village-names                        3.23 kB         109 kB
├ ○ /samurai-character-name-generator            3.23 kB         109 kB
├ ○ /sanctuary-dungeon-names                     3.23 kB         109 kB
├ ○ /sandbox-dungeon-names                       3.23 kB         109 kB
├ ○ /satyr-creature-names                        3.23 kB         109 kB
├ ○ /savage-alliance-names                       3.23 kB         109 kB
├ ○ /savage-clan-names                           3.23 kB         109 kB
├ ○ /savage-dominion-names                       3.23 kB         109 kB
├ ○ /savage-dynasty-names                        3.23 kB         109 kB
├ ○ /savage-empire-names                         3.23 kB         109 kB
├ ○ /savage-faction-names                        3.23 kB         109 kB
├ ○ /savage-guild-names                          3.23 kB         109 kB
├ ○ /savage-kingdom-names                        3.23 kB         109 kB
├ ○ /savage-legion-names                         3.23 kB         109 kB
├ ○ /savage-order-names                          3.23 kB         109 kB
├ ○ /savage-realm-names                          3.23 kB         109 kB
├ ○ /savage-tribe-names                          3.23 kB         109 kB
├ ○ /sci-fi-character-name-generator             3.23 kB         109 kB
├ ○ /sci-fi-npc-names                            3.23 kB         109 kB
├ ○ /sci-fi-ship-names                           3.23 kB         109 kB
├ ○ /sea-creature-names                          3.23 kB         109 kB
├ ○ /sea-monster-names                           3.23 kB         109 kB
├ ƒ /search                                      3.23 kB         109 kB
├ ○ /sewer-dungeon-names                         3.23 kB         109 kB
├ ○ /shadow-alliance-names                       3.23 kB         109 kB
├ ○ /shadow-city-names                           3.23 kB         109 kB
├ ○ /shadow-clan-names                           3.23 kB         109 kB
├ ○ /shadow-creature-names                       3.23 kB         109 kB
├ ○ /shadow-dominion-names                       3.23 kB         109 kB
├ ○ /shadow-dungeon-names                        3.23 kB         109 kB
├ ○ /shadow-dynasty-names                        3.23 kB         109 kB
├ ○ /shadow-empire-names                         3.23 kB         109 kB
├ ○ /shadow-faction-names                        3.23 kB         109 kB
├ ○ /shadow-guild-names                          3.23 kB         109 kB
├ ○ /shadow-house-names                          3.23 kB         109 kB
├ ○ /shadow-kingdom-names                        3.23 kB         109 kB
├ ○ /shadow-legion-names                         3.23 kB         109 kB
├ ○ /shadow-monster-names                        3.23 kB         109 kB
├ ○ /shadow-order-names                          3.23 kB         109 kB
├ ○ /shadow-realm-names                          3.23 kB         109 kB
├ ○ /shadow-ship-names                           3.23 kB         109 kB
├ ○ /shadow-tribe-names                          3.23 kB         109 kB
├ ○ /shadowfell-dungeon-names                    3.23 kB         109 kB
├ ○ /ship                                          194 B         103 kB
├ ○ /ship-names                                  3.23 kB         109 kB
├ ○ /shop-npc-names                              3.23 kB         109 kB
├ ○ /sidekick-character-name-generator           3.23 kB         109 kB
├ ○ /silent-dynasty-names                        3.23 kB         109 kB
├ ○ /silent-kingdom-names                        3.23 kB         109 kB
├ ○ /silver-city-names                           3.23 kB         109 kB
├ ○ /silver-clan-names                           3.23 kB         109 kB
├ ○ /silver-faction-names                        3.23 kB         109 kB
├ ○ /silver-ship-names                           3.23 kB         109 kB
├ ○ /sky-city-names                              3.23 kB         109 kB
├ ○ /sky-creature-names                          3.23 kB         109 kB
├ ○ /skyrim-city-names                           3.23 kB         109 kB
├ ○ /slime-monster-names                         3.23 kB         109 kB
├ ○ /small-city-names                            3.23 kB         109 kB
├ ○ /smuggler-ship-names                         3.23 kB         109 kB
├ ○ /solar-city-names                            3.23 kB         109 kB
├ ○ /solar-empire-names                          3.23 kB         109 kB
├ ○ /sorcerer-character-name-generator           3.23 kB         109 kB
├ ○ /sorcerer-npc-names                          3.23 kB         109 kB
├ ○ /space-character-name-generator              3.23 kB         109 kB
├ ○ /space-ship-names                            3.23 kB         109 kB
├ ○ /spectral-dynasty-names                      3.23 kB         109 kB
├ ○ /spectral-kingdom-names                      3.23 kB         109 kB
├ ○ /steampunk-character-name-generator          3.23 kB         109 kB
├ ○ /steampunk-city-names                        3.23 kB         109 kB
├ ○ /steampunk-npc-names                         3.23 kB         109 kB
├ ○ /steampunk-ship-names                        3.23 kB         109 kB
├ ○ /storm-alliance-names                        3.23 kB         109 kB
├ ○ /storm-castle-names                          3.23 kB         109 kB
├ ○ /storm-city-names                            3.23 kB         109 kB
├ ○ /storm-clan-names                            3.23 kB         109 kB
├ ○ /storm-dominion-names                        3.23 kB         109 kB
├ ○ /storm-dungeon-names                         3.23 kB         109 kB
├ ○ /storm-dynasty-names                         3.23 kB         109 kB
├ ○ /storm-empire-names                          3.23 kB         109 kB
├ ○ /storm-faction-names                         3.23 kB         109 kB
├ ○ /storm-guild-names                           3.23 kB         109 kB
├ ○ /storm-kingdom-names                         3.23 kB         109 kB
├ ○ /storm-legion-names                          3.23 kB         109 kB
├ ○ /storm-order-names                           3.23 kB         109 kB
├ ○ /storm-realm-names                           3.23 kB         109 kB
├ ○ /storm-ship-names                            3.23 kB         109 kB
├ ○ /storm-tribe-names                           3.23 kB         109 kB
├ ○ /submarine-ship-names                        3.23 kB         109 kB
├ ○ /superhero-character-name-generator          3.23 kB         109 kB
├ ○ /swamp-dungeon-names                         3.23 kB         109 kB
├ ○ /swamp-monster-names                         3.23 kB         109 kB
├ ○ /tavern-npc-names                            3.23 kB         109 kB
├ ○ /temple-dungeon-names                        3.23 kB         109 kB
├ ○ /terms                                         194 B         103 kB
├ ○ /thief-npc-names                             3.23 kB         109 kB
├ ○ /thunder-city-names                          3.23 kB         109 kB
├ ○ /thunder-guild-names                         3.23 kB         109 kB
├ ○ /thunder-monster-names                       3.23 kB         109 kB
├ ○ /thunder-realm-names                         3.23 kB         109 kB
├ ○ /tiefling-character-name-generator           3.23 kB         109 kB
├ ○ /tiefling-npc-names                          3.23 kB         109 kB
├ ○ /tiny-creature-names                         3.23 kB         109 kB
├ ○ /titan-alliance-names                        3.23 kB         109 kB
├ ○ /titan-clan-names                            3.23 kB         109 kB
├ ○ /titan-dominion-names                        3.23 kB         109 kB
├ ○ /titan-dynasty-names                         3.23 kB         109 kB
├ ○ /titan-empire-names                          3.23 kB         109 kB
├ ○ /titan-faction-names                         3.23 kB         109 kB
├ ○ /titan-guild-names                           3.23 kB         109 kB
├ ○ /titan-kingdom-names                         3.23 kB         109 kB
├ ○ /titan-legion-names                          3.23 kB         109 kB
├ ○ /titan-order-names                           3.23 kB         109 kB
├ ○ /titan-realm-names                           3.23 kB         109 kB
├ ○ /titan-tribe-names                           3.23 kB         109 kB
├ ○ /tomb-dungeon-names                          3.23 kB         109 kB
├ ○ /town-npc-names                              3.23 kB         109 kB
├ ○ /trading-city-names                          3.23 kB         109 kB
├ ○ /trading-ship-names                          3.23 kB         109 kB
├ ○ /transport-ship-names                        3.23 kB         109 kB
├ ○ /troll-monster-names                         3.23 kB         109 kB
├ ○ /twilight-city-names                         3.23 kB         109 kB
├ ○ /twilight-clan-names                         3.23 kB         109 kB
├ ○ /twilight-faction-names                      3.23 kB         109 kB
├ ○ /undead-alliance-names                       3.23 kB         109 kB
├ ○ /undead-character-name-generator             3.23 kB         109 kB
├ ○ /undead-city-names                           3.23 kB         109 kB
├ ○ /undead-clan-names                           3.23 kB         109 kB
├ ○ /undead-dominion-names                       3.23 kB         109 kB
├ ○ /undead-dungeon-names                        3.23 kB         109 kB
├ ○ /undead-dynasty-names                        3.23 kB         109 kB
├ ○ /undead-empire-names                         3.23 kB         109 kB
├ ○ /undead-faction-names                        3.23 kB         109 kB
├ ○ /undead-guild-names                          3.23 kB         109 kB
├ ○ /undead-kingdom-names                        3.23 kB         109 kB
├ ○ /undead-legion-names                         3.23 kB         109 kB
├ ○ /undead-monster-names                        3.23 kB         109 kB
├ ○ /undead-order-names                          3.23 kB         109 kB
├ ○ /undead-realm-names                          3.23 kB         109 kB
├ ○ /undead-ship-names                           3.23 kB         109 kB
├ ○ /undead-tribe-names                          3.23 kB         109 kB
├ ○ /underdark-dungeon-names                     3.23 kB         109 kB
├ ○ /underground-city-names                      3.23 kB         109 kB
├ ○ /underground-dungeon-names                   3.23 kB         109 kB
├ ○ /underwater-dungeon-names                    3.23 kB         109 kB
├ ○ /unicorn-creature-names                      3.23 kB         109 kB
├ ○ /unique-alliance-names                       3.23 kB         109 kB
├ ○ /unique-character-name-generator             3.23 kB         109 kB
├ ○ /unique-clan-names                           3.23 kB         109 kB
├ ○ /unique-dominion-names                       3.23 kB         109 kB
├ ○ /unique-dynasty-names                        3.23 kB         109 kB
├ ○ /unique-empire-names                         3.23 kB         109 kB
├ ○ /unique-faction-names                        3.23 kB         109 kB
├ ○ /unique-guild-names                          3.23 kB         109 kB
├ ○ /unique-kingdom-names                        3.23 kB         109 kB
├ ○ /unique-legion-names                         3.23 kB         109 kB
├ ○ /unique-order-names                          3.23 kB         109 kB
├ ○ /unique-realm-names                          3.23 kB         109 kB
├ ○ /unique-tribe-names                          3.23 kB         109 kB
├ ○ /urban-fantasy-city-names                    3.23 kB         109 kB
├ ○ /valorant-name-generator                     3.23 kB         109 kB
├ ○ /vampire                                       194 B         103 kB
├ ○ /vampire-alliance-names                      3.23 kB         109 kB
├ ○ /vampire-character-name-generator            3.23 kB         109 kB
├ ○ /vampire-city-names                          3.23 kB         109 kB
├ ○ /vampire-clan-names                          3.23 kB         109 kB
├ ○ /vampire-dominion-names                      3.23 kB         109 kB
├ ○ /vampire-dungeon-names                       3.23 kB         109 kB
├ ○ /vampire-dynasty-names                       3.23 kB         109 kB
├ ○ /vampire-empire-names                        3.23 kB         109 kB
├ ○ /vampire-faction-names                       3.23 kB         109 kB
├ ○ /vampire-guild-names                         3.23 kB         109 kB
├ ○ /vampire-kingdom-names                       3.23 kB         109 kB
├ ○ /vampire-legion-names                        3.23 kB         109 kB
├ ○ /vampire-monster-names                       3.23 kB         109 kB
├ ○ /vampire-names                               3.23 kB         109 kB
├ ○ /vampire-order-names                         3.23 kB         109 kB
├ ○ /vampire-realm-names                         3.23 kB         109 kB
├ ○ /vampire-tribe-names                         3.23 kB         109 kB
├ ○ /vault-dungeon-names                         3.23 kB         109 kB
├ ○ /verdant-alliance-names                      3.23 kB         109 kB
├ ○ /verdant-kingdom-names                       3.23 kB         109 kB
├ ○ /victorian-city-names                        3.23 kB         109 kB
├ ○ /viking-character-name-generator             3.23 kB         109 kB
├ ○ /viking-ship-names                           3.23 kB         109 kB
├ ○ /village-npc-names                           3.23 kB         109 kB
├ ○ /villain-character-name-generator            3.23 kB         109 kB
├ ○ /viridian-guild-names                        3.23 kB         109 kB
├ ○ /viridian-legion-names                       3.23 kB         109 kB
├ ○ /void-alliance-names                         3.23 kB         109 kB
├ ○ /void-clan-names                             3.23 kB         109 kB
├ ○ /void-dominion-names                         3.23 kB         109 kB
├ ○ /void-dungeon-names                          3.23 kB         109 kB
├ ○ /void-dynasty-names                          3.23 kB         109 kB
├ ○ /void-empire-names                           3.23 kB         109 kB
├ ○ /void-faction-names                          3.23 kB         109 kB
├ ○ /void-guild-names                            3.23 kB         109 kB
├ ○ /void-kingdom-names                          3.23 kB         109 kB
├ ○ /void-legion-names                           3.23 kB         109 kB
├ ○ /void-order-names                            3.23 kB         109 kB
├ ○ /void-realm-names                            3.23 kB         109 kB
├ ○ /void-tribe-names                            3.23 kB         109 kB
├ ○ /volcanic-city-names                         3.23 kB         109 kB
├ ○ /volcanic-creature-names                     3.23 kB         109 kB
├ ○ /volcanic-dungeon-names                      3.23 kB         109 kB
├ ○ /volcanic-monster-names                      3.23 kB         109 kB
├ ○ /voyager-ship-names                          3.23 kB         109 kB
├ ○ /walled-city-names                           3.23 kB         109 kB
├ ○ /warlock-character-name-generator            3.23 kB         109 kB
├ ○ /warlock-npc-names                           3.23 kB         109 kB
├ ○ /warrior-character-name-generator            3.23 kB         109 kB
├ ○ /warrior-npc-names                           3.23 kB         109 kB
├ ○ /warship-ship-names                          3.23 kB         109 kB
├ ○ /werewolf-alliance-names                     3.23 kB         109 kB
├ ○ /werewolf-character-name-generator           3.23 kB         109 kB
├ ○ /werewolf-clan-names                         3.23 kB         109 kB
├ ○ /werewolf-dominion-names                     3.23 kB         109 kB
├ ○ /werewolf-dynasty-names                      3.23 kB         109 kB
├ ○ /werewolf-empire-names                       3.23 kB         109 kB
├ ○ /werewolf-faction-names                      3.23 kB         109 kB
├ ○ /werewolf-guild-names                        3.23 kB         109 kB
├ ○ /werewolf-kingdom-names                      3.23 kB         109 kB
├ ○ /werewolf-legion-names                       3.23 kB         109 kB
├ ○ /werewolf-monster-names                      3.23 kB         109 kB
├ ○ /werewolf-order-names                        3.23 kB         109 kB
├ ○ /werewolf-realm-names                        3.23 kB         109 kB
├ ○ /werewolf-tribe-names                        3.23 kB         109 kB
├ ○ /wild-guild-names                            3.23 kB         109 kB
├ ○ /wild-legion-names                           3.23 kB         109 kB
├ ○ /wild-west-character-name-generator          3.23 kB         109 kB
├ ○ /winter-guild-names                          3.23 kB         109 kB
├ ○ /winter-realm-names                          3.23 kB         109 kB
├ ○ /wizard-character-name-generator             3.23 kB         109 kB
├ ○ /wizard-city-names                           3.23 kB         109 kB
├ ○ /wizard-npc-names                            3.23 kB         109 kB
├ ○ /wood-elf-character-name-generator           3.23 kB         109 kB
├ ○ /world-name-generator                        3.23 kB         109 kB
├ ○ /world-of-warcraft-city-names                3.23 kB         109 kB
├ ○ /wyvern-monster-names                        3.23 kB         109 kB
├ ○ /young-npc-names                             3.23 kB         109 kB
└ ○ /zombie-monster-names                        3.23 kB         109 kB
+ First Load JS shared by all                     102 kB
  ├ chunks/31255-640d21a02c272b49.js             46.2 kB
  ├ chunks/4bd1b696-741ff92a1798b49d.js          54.2 kB
  └ other shared chunks (total)                  1.93 kB


○  (Static)   prerendered as static content
●  (SSG)      prerendered as static HTML (uses generateStaticParams)
ƒ  (Dynamic)  server-rendered on demand

